2024-10-23 20:40:55 [Thread-0] INFO  by.bsuir.service.impl.DispatcherServiceImpl - [WH: 50000.0 | WAITED: [] | BUSY: []]
2024-10-23 20:41:00 [Thread-0] INFO  by.bsuir.service.impl.DispatcherServiceImpl - [WH: 50000.0 | WAITED: [] | BUSY: []]
2024-10-23 20:41:05 [Thread-0] INFO  by.bsuir.service.impl.DispatcherServiceImpl - [WH: 50000.0 | WAITED: [] | BUSY: []]
2024-10-23 20:41:10 [Thread-0] INFO  by.bsuir.service.impl.DispatcherServiceImpl - [WH: 50000.0 | WAITED: [] | BUSY: []]
2024-10-23 20:41:15 [Thread-0] INFO  by.bsuir.service.impl.DispatcherServiceImpl - [WH: 50000.0 | WAITED: [] | BUSY: []]
2024-10-23 20:41:20 [Thread-0] INFO  by.bsuir.service.impl.DispatcherServiceImpl - [WH: 50000.0 | WAITED: [] | BUSY: []]
2024-10-23 20:41:25 [Thread-0] INFO  by.bsuir.service.impl.DispatcherServiceImpl - [WH: 50000.0 | WAITED: [] | BUSY: []]
2024-10-23 20:41:30 [Thread-0] INFO  by.bsuir.service.impl.DispatcherServiceImpl - [WH: 50000.0 | WAITED: [] | BUSY: []]
2024-10-23 20:41:35 [Thread-0] INFO  by.bsuir.service.impl.DispatcherServiceImpl - [WH: 50000.0 | WAITED: [] | BUSY: []]
2024-10-23 20:41:40 [Thread-0] INFO  by.bsuir.service.impl.DispatcherServiceImpl - [WH: 50000.0 | WAITED: [] | BUSY: []]
2024-10-23 20:41:45 [Thread-0] INFO  by.bsuir.service.impl.DispatcherServiceImpl - [WH: 50000.0 | WAITED: [] | BUSY: []]
2024-10-23 20:41:50 [Thread-0] INFO  by.bsuir.service.impl.DispatcherServiceImpl - [WH: 50000.0 | WAITED: [] | BUSY: []]
2024-10-23 20:41:55 [Thread-0] INFO  by.bsuir.service.impl.DispatcherServiceImpl - [WH: 50000.0 | WAITED: [] | BUSY: []]
2024-10-23 20:42:00 [Thread-0] INFO  by.bsuir.service.impl.DispatcherServiceImpl - [WH: 50000.0 | WAITED: [] | BUSY: []]
2024-10-23 20:42:05 [Thread-0] INFO  by.bsuir.service.impl.DispatcherServiceImpl - [WH: 50000.0 | WAITED: [] | BUSY: []]
2024-10-23 20:42:10 [Thread-0] INFO  by.bsuir.service.impl.DispatcherServiceImpl - [WH: 50000.0 | WAITED: [] | BUSY: []]
2024-10-23 20:42:15 [Thread-0] INFO  by.bsuir.service.impl.DispatcherServiceImpl - [WH: 50000.0 | WAITED: [] | BUSY: []]
2024-10-23 20:42:20 [Thread-0] INFO  by.bsuir.service.impl.DispatcherServiceImpl - [WH: 50000.0 | WAITED: [] | BUSY: []]
2024-10-23 20:42:25 [Thread-0] INFO  by.bsuir.service.impl.DispatcherServiceImpl - [WH: 50000.0 | WAITED: [] | BUSY: []]
2024-10-23 20:42:30 [Thread-0] INFO  by.bsuir.service.impl.DispatcherServiceImpl - [WH: 50000.0 | WAITED: [] | BUSY: []]
2024-10-23 20:42:35 [Thread-0] INFO  by.bsuir.service.impl.DispatcherServiceImpl - [WH: 50000.0 | WAITED: [] | BUSY: []]
2024-10-23 20:42:40 [Thread-0] INFO  by.bsuir.service.impl.DispatcherServiceImpl - [WH: 50000.0 | WAITED: [] | BUSY: []]
2024-10-23 20:42:45 [Thread-0] INFO  by.bsuir.service.impl.DispatcherServiceImpl - [WH: 50000.0 | WAITED: [] | BUSY: []]
2024-10-23 20:42:50 [Thread-0] INFO  by.bsuir.service.impl.DispatcherServiceImpl - [WH: 50000.0 | WAITED: [] | BUSY: []]
2024-10-23 20:42:55 [Thread-0] INFO  by.bsuir.service.impl.DispatcherServiceImpl - [WH: 50000.0 | WAITED: [] | BUSY: []]
2024-10-23 20:43:00 [Thread-0] INFO  by.bsuir.service.impl.DispatcherServiceImpl - [WH: 50000.0 | WAITED: [] | BUSY: []]
2024-10-23 20:43:05 [Thread-0] INFO  by.bsuir.service.impl.DispatcherServiceImpl - [WH: 50000.0 | WAITED: [] | BUSY: []]
2024-10-23 20:43:10 [Thread-0] INFO  by.bsuir.service.impl.DispatcherServiceImpl - [WH: 50000.0 | WAITED: [] | BUSY: []]
2024-10-23 20:43:15 [Thread-0] INFO  by.bsuir.service.impl.DispatcherServiceImpl - [WH: 50000.0 | WAITED: [] | BUSY: []]
2024-10-23 20:43:20 [Thread-0] INFO  by.bsuir.service.impl.DispatcherServiceImpl - [WH: 50000.0 | WAITED: [] | BUSY: []]
2024-10-23 20:43:25 [Thread-0] INFO  by.bsuir.service.impl.DispatcherServiceImpl - [WH: 50000.0 | WAITED: [] | BUSY: []]
2024-10-23 20:43:30 [Thread-0] INFO  by.bsuir.service.impl.DispatcherServiceImpl - [WH: 50000.0 | WAITED: [] | BUSY: []]
2024-10-23 20:43:35 [Thread-0] INFO  by.bsuir.service.impl.DispatcherServiceImpl - [WH: 50000.0 | WAITED: [] | BUSY: []]
2024-10-23 20:43:40 [Thread-0] INFO  by.bsuir.service.impl.DispatcherServiceImpl - [WH: 50000.0 | WAITED: [] | BUSY: []]
2024-10-23 20:43:45 [Thread-0] INFO  by.bsuir.service.impl.DispatcherServiceImpl - [WH: 50000.0 | WAITED: [] | BUSY: []]
2024-10-23 20:43:50 [Thread-0] INFO  by.bsuir.service.impl.DispatcherServiceImpl - [WH: 50000.0 | WAITED: [] | BUSY: []]
2024-10-23 20:43:55 [Thread-0] INFO  by.bsuir.service.impl.DispatcherServiceImpl - [WH: 50000.0 | WAITED: [] | BUSY: []]
2024-10-23 20:44:00 [Thread-0] INFO  by.bsuir.service.impl.DispatcherServiceImpl - [WH: 50000.0 | WAITED: [] | BUSY: []]
2024-10-23 20:44:05 [Thread-0] INFO  by.bsuir.service.impl.DispatcherServiceImpl - [WH: 50000.0 | WAITED: [] | BUSY: []]
2024-10-23 20:44:10 [Thread-0] INFO  by.bsuir.service.impl.DispatcherServiceImpl - [WH: 50000.0 | WAITED: [] | BUSY: []]
2024-10-23 20:44:15 [Thread-0] INFO  by.bsuir.service.impl.DispatcherServiceImpl - [WH: 50000.0 | WAITED: [] | BUSY: []]
2024-10-23 20:44:20 [Thread-0] INFO  by.bsuir.service.impl.DispatcherServiceImpl - [WH: 50000.0 | WAITED: [] | BUSY: []]
2024-10-23 20:44:25 [Thread-0] INFO  by.bsuir.service.impl.DispatcherServiceImpl - [WH: 50000.0 | WAITED: [] | BUSY: []]
2024-10-23 20:44:30 [Thread-0] INFO  by.bsuir.service.impl.DispatcherServiceImpl - [WH: 50000.0 | WAITED: [] | BUSY: []]
2024-10-23 20:44:35 [Thread-0] INFO  by.bsuir.service.impl.DispatcherServiceImpl - [WH: 50000.0 | WAITED: [] | BUSY: []]
2024-10-23 20:44:40 [Thread-0] INFO  by.bsuir.service.impl.DispatcherServiceImpl - [WH: 50000.0 | WAITED: [] | BUSY: []]
2024-10-23 20:44:45 [Thread-0] INFO  by.bsuir.service.impl.DispatcherServiceImpl - [WH: 50000.0 | WAITED: [] | BUSY: []]
2024-10-23 20:44:50 [Thread-0] INFO  by.bsuir.service.impl.DispatcherServiceImpl - [WH: 50000.0 | WAITED: [] | BUSY: []]
2024-10-23 20:44:55 [Thread-0] INFO  by.bsuir.service.impl.DispatcherServiceImpl - [WH: 50000.0 | WAITED: [] | BUSY: []]
2024-10-23 20:45:00 [Thread-0] INFO  by.bsuir.service.impl.DispatcherServiceImpl - [WH: 50000.0 | WAITED: [] | BUSY: []]
2024-10-23 20:45:05 [Thread-0] INFO  by.bsuir.service.impl.DispatcherServiceImpl - [WH: 50000.0 | WAITED: [] | BUSY: []]
2024-10-23 20:45:37 [Thread-0] INFO  by.bsuir.service.impl.DispatcherServiceImpl - [WH: 50000.0 | WAITED: [] | BUSY: []]
2024-10-23 20:45:43 [Thread-1] INFO  by.bsuir.service.impl.DispatcherServiceImpl - [SYNCHRONIZED] Current capacity: 47925.07450748043
2024-10-23 20:45:47 [Thread-6] INFO  by.bsuir.service.impl.DispatcherServiceImpl - [SYNCHRONIZED] Current capacity: 43966.997055069354
2024-10-23 20:45:49 [Thread-2] INFO  by.bsuir.service.impl.DispatcherServiceImpl - [SYNCHRONIZED] Current capacity: 44700.211722921806
2024-10-23 20:45:54 [Thread-4] INFO  by.bsuir.service.impl.DispatcherServiceImpl - [SYNCHRONIZED] Current capacity: 41710.4984352795
2024-10-23 20:45:58 [Thread-3] INFO  by.bsuir.service.impl.DispatcherServiceImpl - [SYNCHRONIZED] Current capacity: 44059.61454986735
2024-10-23 20:46:02 [Thread-5] INFO  by.bsuir.service.impl.DispatcherServiceImpl - [SYNCHRONIZED] Current capacity: 43135.55660170314
2024-10-23 20:47:48 [Thread-6] INFO  by.bsuir.service.impl.DispatcherServiceImpl - [WH: 50000.0 | WAITED: [], BUSY: []]
2024-10-23 20:47:48 [Thread-4] INFO  by.bsuir.service.impl.DispatcherServiceImpl - [WH: 50000.0 | WAITED: [], BUSY: []]
2024-10-23 20:47:48 [Thread-7] INFO  by.bsuir.service.impl.DispatcherServiceImpl - [WH: 50000.0 | WAITED: [], BUSY: []]
2024-10-23 20:47:48 [Thread-5] INFO  by.bsuir.service.impl.DispatcherServiceImpl - [WH: 50000.0 | WAITED: [], BUSY: []]
2024-10-23 20:47:52 [Thread-2] INFO  by.bsuir.service.impl.DispatcherServiceImpl - [SYNCHRONIZED] Current capacity: 47510.30224890876
2024-10-23 20:47:55 [Thread-0] INFO  by.bsuir.service.impl.DispatcherServiceImpl - [SYNCHRONIZED] Current capacity: 47079.148750588676
2024-10-23 20:47:55 [Thread-8] INFO  by.bsuir.service.impl.DispatcherServiceImpl - [WH: 47079.148750588676 | WAITED: [Ship{id=1, name='1'st('th) ship', cargo=2683.410989553998, dock=null, operation=LOADING, priority=MEDIUM, neededTime=3288}], BUSY: []]
2024-10-23 20:47:58 [Thread-2] INFO  by.bsuir.service.impl.DispatcherServiceImpl - [SYNCHRONIZED] Current capacity: 42398.616125328124
2024-10-23 20:47:59 [Thread-9] INFO  by.bsuir.service.impl.DispatcherServiceImpl - [WH: 42398.616125328124 | WAITED: [], BUSY: []]
2024-10-23 20:48:03 [Thread-2] INFO  by.bsuir.service.impl.DispatcherServiceImpl - [SYNCHRONIZED] Current capacity: 39715.20513577413
2024-10-23 20:49:45 [Thread-8] INFO  by.bsuir.service.impl.DispatcherServiceImpl - [WH: 50000.0 | WAITED: [], BUSY: []]
2024-10-23 20:49:45 [Thread-11] INFO  by.bsuir.service.impl.DispatcherServiceImpl - [WH: 50000.0 | WAITED: [], BUSY: []]
2024-10-23 20:49:45 [Thread-6] INFO  by.bsuir.service.impl.DispatcherServiceImpl - [WH: 50000.0 | WAITED: [], BUSY: []]
2024-10-23 20:49:45 [Thread-9] INFO  by.bsuir.service.impl.DispatcherServiceImpl - [WH: 50000.0 | WAITED: [], BUSY: []]
2024-10-23 20:49:45 [Thread-10] INFO  by.bsuir.service.impl.DispatcherServiceImpl - [WH: 50000.0 | WAITED: [], BUSY: []]
2024-10-23 20:49:45 [Thread-7] INFO  by.bsuir.service.impl.DispatcherServiceImpl - [WH: 50000.0 | WAITED: [], BUSY: []]
2024-10-23 20:49:48 [Thread-3] INFO  by.bsuir.service.impl.DispatcherServiceImpl - [SYNCHRONIZED] Current capacity: 51392.11625368634
2024-10-23 20:49:50 [Thread-0] INFO  by.bsuir.service.impl.DispatcherServiceImpl - [SYNCHRONIZED] Current capacity: 49391.38450217114
2024-10-23 20:49:52 [Thread-5] INFO  by.bsuir.service.impl.DispatcherServiceImpl - [SYNCHRONIZED] Current capacity: 48724.78137303508
2024-10-23 20:49:53 [Thread-2] INFO  by.bsuir.service.impl.DispatcherServiceImpl - [SYNCHRONIZED] Current capacity: 47718.30484270176
2024-10-23 20:49:56 [Thread-0] INFO  by.bsuir.service.impl.DispatcherServiceImpl - [SYNCHRONIZED] Current capacity: 47970.99515551787
2024-10-23 20:49:57 [Thread-13] INFO  by.bsuir.service.impl.DispatcherServiceImpl - [WH: 47970.99515551787 | WAITED: [], BUSY: []]
2024-10-23 20:50:01 [Thread-0] INFO  by.bsuir.service.impl.DispatcherServiceImpl - [SYNCHRONIZED] Current capacity: 44884.21238209419
2024-10-23 20:52:16 [Thread-4] INFO  by.bsuir.service.impl.DispatcherServiceImpl - [WH: 50000.0 | WAITED: [], BUSY: []]
2024-10-23 20:52:16 [Thread-6] INFO  by.bsuir.service.impl.DispatcherServiceImpl - [WH: 50000.0 | WAITED: [], BUSY: []]
2024-10-23 20:52:16 [Thread-5] INFO  by.bsuir.service.impl.DispatcherServiceImpl - [WH: 50000.0 | WAITED: [], BUSY: []]
2024-10-23 20:52:16 [Thread-7] INFO  by.bsuir.service.impl.DispatcherServiceImpl - [WH: 50000.0 | WAITED: [], BUSY: []]
2024-10-23 20:52:21 [Thread-5] INFO  by.bsuir.service.impl.DispatcherServiceImpl - [WH: 50000.0 | WAITED: [Ship{id=1, name='1'st('th) ship', cargo=1608.1528648245544, dock=null, operation=UNLOADING, priority=MEDIUM, neededTime=1161}, Ship{id=0, name='0'st('th) ship', cargo=4777.5150947527545, dock=null, operation=UNLOADING, priority=HIGH, neededTime=2983}, Ship{id=2, name='2'st('th) ship', cargo=3064.6469191526367, dock=null, operation=UNLOADING, priority=HIGH, neededTime=1171}], BUSY: [[!!!by.bsuir.domain.Ship@7f9d2d6d=>java.lang.StackOverflowError:null!!!]]]
2024-10-23 20:52:21 [Thread-3] INFO  by.bsuir.service.impl.DispatcherServiceImpl - [SYNCHRONIZED] Current capacity: 48307.00210879958
2024-10-23 20:52:22 [Thread-8] INFO  by.bsuir.service.impl.DispatcherServiceImpl - [WH: 48307.00210879958 | WAITED: [Ship{id=0, name='0'st('th) ship', cargo=4777.5150947527545, dock=null, operation=UNLOADING, priority=HIGH, neededTime=2983}, Ship{id=2, name='2'st('th) ship', cargo=3064.6469191526367, dock=null, operation=UNLOADING, priority=HIGH, neededTime=1171}], BUSY: []]
2024-10-23 20:52:24 [Thread-0] INFO  by.bsuir.service.impl.DispatcherServiceImpl - [SYNCHRONIZED] Current capacity: 49915.15497362413
2024-10-23 20:52:25 [Thread-9] INFO  by.bsuir.service.impl.DispatcherServiceImpl - [WH: 49915.15497362413 | WAITED: [Ship{id=2, name='2'st('th) ship', cargo=3064.6469191526367, dock=null, operation=UNLOADING, priority=HIGH, neededTime=1171}], BUSY: []]
2024-10-23 20:52:29 [Thread-0] INFO  by.bsuir.service.impl.DispatcherServiceImpl - [SYNCHRONIZED] Current capacity: 54692.67006837689
2024-10-23 20:52:30 [Thread-10] INFO  by.bsuir.service.impl.DispatcherServiceImpl - [WH: 54692.67006837689 | WAITED: [], BUSY: []]
2024-10-23 20:52:32 [Thread-0] INFO  by.bsuir.service.impl.DispatcherServiceImpl - [SYNCHRONIZED] Current capacity: 57757.31698752952
